<?xml version="1.0" encoding="UTF-8"?>
<!-- Generated by org.testng.reporters.JUnitXMLReporter -->
<testsuite ignored="0" hostname="WIN-I9QJ4RLV34G" failures="0" tests="3" name="Test" time="10.781" errors="0" timestamp="2020-03-26T21:09:31 GMT+04:00">
  <testcase classname="Suite_CheckEmails" name="loginToEmail" time="1.644"/>
  <testcase classname="Suite_CheckEmails" name="checkForEmails" time="1.258"/>
  <testcase classname="Suite_CheckEmails" name="createNewEmail" time="1.48"/>
</testsuite> <!-- Test -->
